<?xml version="1.0" encoding="UTF-8" ?>
<testsuite tests="9" failures="0" name="arithmetic.NatPropertiesTest" time="0.1" errors="0" skipped="0">
  <properties>
[...]
</properties>
  <testcase classname="arithmetic.NatPropertiesTest" name="subtractNumber" time="0.058"/>
  <testcase classname="arithmetic.NatPropertiesTest" name="subtractNumber2" time="0.008"/>
  <testcase classname="arithmetic.NatPropertiesTest" name="addZero" time="0.006"/>
  <testcase classname="arithmetic.NatPropertiesTest" name="addNumber" time="0.006"/>
  <testcase classname="arithmetic.NatPropertiesTest" name="multiplyZero" time="0.004"/>
  <testcase classname="arithmetic.NatPropertiesTest" name="numberIsZero" time="0.005"/>
  <testcase classname="arithmetic.NatPropertiesTest" name="numberToString" time="0.005"/>
  <testcase classname="arithmetic.NatPropertiesTest" name="numberEqualsSelf" time="0.004"/>
  <testcase classname="arithmetic.NatPropertiesTest" name="lessThan" time="0.004"/>
</testsuite>